2024-01-31 15:49:38,793 [Worker-6: Loading available Gradle versions] INFO  o.e.b.c.i.u.g.PublishedGradleVersions - Gradle version information cache is out-of-date. Trying to update.
2024-01-31 15:49:54,145 [Worker-14: Importing Maven projects] INFO  o.e.m.c.i.l.LifecycleMappingFactory - Using org.eclipse.m2e.jdt.JarLifecycleMapping lifecycle mapping for MavenProject: com.example:employee-management:0.0.1-SNAPSHOT @ C:\Users\Tapaswini Ghadei\Downloads\emp\employee-management\employee-management\pom.xml.
2024-01-31 15:49:55,505 [Worker-14: Importing Maven projects] INFO  o.e.m.j.i.AbstractJavaProjectConfigurator - Adding source folder /employee-management/src/main/java
2024-01-31 15:49:55,505 [Worker-14: Importing Maven projects] INFO  o.e.m.j.i.AbstractJavaProjectConfigurator - Adding resource folder /employee-management/src/main/resources
2024-01-31 15:49:55,509 [Worker-14: Importing Maven projects] INFO  o.e.m.j.i.AbstractJavaProjectConfigurator - Adding resource folder /employee-management/src/main/resources
2024-01-31 15:49:55,514 [Worker-14: Importing Maven projects] INFO  o.e.m.j.i.AbstractJavaProjectConfigurator - Adding source folder /employee-management/src/test/java
2024-01-31 15:49:55,600 [Worker-14: Importing Maven projects] ERROR o.e.m.j.i.AbstractJavaProjectConfigurator - Failed to find a compatible VM for environment id 'JavaSE-17', falling back to workspace default
2024-01-31 15:49:56,146 [Worker-14: Importing Maven projects] INFO  o.e.m.c.i.p.ProjectConfigurationManager - Imported and configured 1 project(s) in 3 sec
2024-01-31 15:53:24,942 [Worker-2: Launching Executing install in C__Users_Tapaswini Ghadei_Downloads_emp_employee-management_employee-management] INFO  o.eclipse.m2e.core.internal.Bundles - getClasspathEntries(Bundle=org.eclipse.m2e.maven.runtime_3.8.604.20221130-2149 [603])
2024-01-31 15:53:24,947 [Worker-2: Launching Executing install in C__Users_Tapaswini Ghadei_Downloads_emp_employee-management_employee-management] INFO  o.eclipse.m2e.core.internal.Bundles - 	Entry: C:\Users\Tapaswini Ghadei\.p2\pool\plugins\org.eclipse.m2e.maven.runtime_3.8.604.20221130-2149
2024-01-31 15:53:24,947 [Worker-2: Launching Executing install in C__Users_Tapaswini Ghadei_Downloads_emp_employee-management_employee-management] INFO  o.eclipse.m2e.core.internal.Bundles - 	Entry: C:\Users\Tapaswini Ghadei\.p2\pool\plugins\org.eclipse.m2e.maven.runtime_3.8.604.20221130-2149\jars\aether-connector-okhttp-0.17.8.jar
2024-01-31 15:53:24,947 [Worker-2: Launching Executing install in C__Users_Tapaswini Ghadei_Downloads_emp_employee-management_employee-management] INFO  o.eclipse.m2e.core.internal.Bundles - 	Entry: C:\Users\Tapaswini Ghadei\.p2\pool\plugins\org.eclipse.m2e.maven.runtime_3.8.604.20221130-2149\jars\commons-cli-1.4.jar
2024-01-31 15:53:24,947 [Worker-2: Launching Executing install in C__Users_Tapaswini Ghadei_Downloads_emp_employee-management_employee-management] INFO  o.eclipse.m2e.core.internal.Bundles - 	Entry: C:\Users\Tapaswini Ghadei\.p2\pool\plugins\org.eclipse.m2e.maven.runtime_3.8.604.20221130-2149\jars\commons-io-2.6.jar
2024-01-31 15:53:24,947 [Worker-2: Launching Executing install in C__Users_Tapaswini Ghadei_Downloads_emp_employee-management_employee-management] INFO  o.eclipse.m2e.core.internal.Bundles - 	Entry: C:\Users\Tapaswini Ghadei\.p2\pool\plugins\org.eclipse.m2e.maven.runtime_3.8.604.20221130-2149\jars\commons-lang3-3.8.1.jar
2024-01-31 15:53:24,947 [Worker-2: Launching Executing install in C__Users_Tapaswini Ghadei_Downloads_emp_employee-management_employee-management] INFO  o.eclipse.m2e.core.internal.Bundles - 	Entry: C:\Users\Tapaswini Ghadei\.p2\pool\plugins\org.eclipse.m2e.maven.runtime_3.8.604.20221130-2149\jars\guice-4.2.2-no_aop.jar
2024-01-31 15:53:24,948 [Worker-2: Launching Executing install in C__Users_Tapaswini Ghadei_Downloads_emp_employee-management_employee-management] INFO  o.eclipse.m2e.core.internal.Bundles - 	Entry: C:\Users\Tapaswini Ghadei\.p2\pool\plugins\org.eclipse.m2e.maven.runtime_3.8.604.20221130-2149\jars\jansi-2.4.0.jar
2024-01-31 15:53:24,948 [Worker-2: Launching Executing install in C__Users_Tapaswini Ghadei_Downloads_emp_employee-management_employee-management] INFO  o.eclipse.m2e.core.internal.Bundles - 	Entry: C:\Users\Tapaswini Ghadei\.p2\pool\plugins\org.eclipse.m2e.maven.runtime_3.8.604.20221130-2149\jars\maven-artifact-3.8.6.jar
2024-01-31 15:53:24,948 [Worker-2: Launching Executing install in C__Users_Tapaswini Ghadei_Downloads_emp_employee-management_employee-management] INFO  o.eclipse.m2e.core.internal.Bundles - 	Entry: C:\Users\Tapaswini Ghadei\.p2\pool\plugins\org.eclipse.m2e.maven.runtime_3.8.604.20221130-2149\jars\maven-builder-support-3.8.6.jar
2024-01-31 15:53:24,948 [Worker-2: Launching Executing install in C__Users_Tapaswini Ghadei_Downloads_emp_employee-management_employee-management] INFO  o.eclipse.m2e.core.internal.Bundles - 	Entry: C:\Users\Tapaswini Ghadei\.p2\pool\plugins\org.eclipse.m2e.maven.runtime_3.8.604.20221130-2149\jars\maven-compat-3.8.6.jar
2024-01-31 15:53:24,948 [Worker-2: Launching Executing install in C__Users_Tapaswini Ghadei_Downloads_emp_employee-management_employee-management] INFO  o.eclipse.m2e.core.internal.Bundles - 	Entry: C:\Users\Tapaswini Ghadei\.p2\pool\plugins\org.eclipse.m2e.maven.runtime_3.8.604.20221130-2149\jars\maven-core-3.8.6.jar
2024-01-31 15:53:24,948 [Worker-2: Launching Executing install in C__Users_Tapaswini Ghadei_Downloads_emp_employee-management_employee-management] INFO  o.eclipse.m2e.core.internal.Bundles - 	Entry: C:\Users\Tapaswini Ghadei\.p2\pool\plugins\org.eclipse.m2e.maven.runtime_3.8.604.20221130-2149\jars\maven-embedder-3.8.6.jar
2024-01-31 15:53:24,948 [Worker-2: Launching Executing install in C__Users_Tapaswini Ghadei_Downloads_emp_employee-management_employee-management] INFO  o.eclipse.m2e.core.internal.Bundles - 	Entry: C:\Users\Tapaswini Ghadei\.p2\pool\plugins\org.eclipse.m2e.maven.runtime_3.8.604.20221130-2149\jars\maven-model-3.8.6.jar
2024-01-31 15:53:24,948 [Worker-2: Launching Executing install in C__Users_Tapaswini Ghadei_Downloads_emp_employee-management_employee-management] INFO  o.eclipse.m2e.core.internal.Bundles - 	Entry: C:\Users\Tapaswini Ghadei\.p2\pool\plugins\org.eclipse.m2e.maven.runtime_3.8.604.20221130-2149\jars\maven-model-builder-3.8.6.jar
2024-01-31 15:53:24,948 [Worker-2: Launching Executing install in C__Users_Tapaswini Ghadei_Downloads_emp_employee-management_employee-management] INFO  o.eclipse.m2e.core.internal.Bundles - 	Entry: C:\Users\Tapaswini Ghadei\.p2\pool\plugins\org.eclipse.m2e.maven.runtime_3.8.604.20221130-2149\jars\maven-plugin-api-3.8.6.jar
2024-01-31 15:53:24,948 [Worker-2: Launching Executing install in C__Users_Tapaswini Ghadei_Downloads_emp_employee-management_employee-management] INFO  o.eclipse.m2e.core.internal.Bundles - 	Entry: C:\Users\Tapaswini Ghadei\.p2\pool\plugins\org.eclipse.m2e.maven.runtime_3.8.604.20221130-2149\jars\maven-repository-metadata-3.8.6.jar
2024-01-31 15:53:24,948 [Worker-2: Launching Executing install in C__Users_Tapaswini Ghadei_Downloads_emp_employee-management_employee-management] INFO  o.eclipse.m2e.core.internal.Bundles - 	Entry: C:\Users\Tapaswini Ghadei\.p2\pool\plugins\org.eclipse.m2e.maven.runtime_3.8.604.20221130-2149\jars\maven-resolver-api-1.6.3.jar
2024-01-31 15:53:24,949 [Worker-2: Launching Executing install in C__Users_Tapaswini Ghadei_Downloads_emp_employee-management_employee-management] INFO  o.eclipse.m2e.core.internal.Bundles - 	Entry: C:\Users\Tapaswini Ghadei\.p2\pool\plugins\org.eclipse.m2e.maven.runtime_3.8.604.20221130-2149\jars\maven-resolver-connector-basic-1.6.3.jar
2024-01-31 15:53:24,949 [Worker-2: Launching Executing install in C__Users_Tapaswini Ghadei_Downloads_emp_employee-management_employee-management] INFO  o.eclipse.m2e.core.internal.Bundles - 	Entry: C:\Users\Tapaswini Ghadei\.p2\pool\plugins\org.eclipse.m2e.maven.runtime_3.8.604.20221130-2149\jars\maven-resolver-impl-1.6.3.jar
2024-01-31 15:53:24,949 [Worker-2: Launching Executing install in C__Users_Tapaswini Ghadei_Downloads_emp_employee-management_employee-management] INFO  o.eclipse.m2e.core.internal.Bundles - 	Entry: C:\Users\Tapaswini Ghadei\.p2\pool\plugins\org.eclipse.m2e.maven.runtime_3.8.604.20221130-2149\jars\maven-resolver-provider-3.8.6.jar
2024-01-31 15:53:24,949 [Worker-2: Launching Executing install in C__Users_Tapaswini Ghadei_Downloads_emp_employee-management_employee-management] INFO  o.eclipse.m2e.core.internal.Bundles - 	Entry: C:\Users\Tapaswini Ghadei\.p2\pool\plugins\org.eclipse.m2e.maven.runtime_3.8.604.20221130-2149\jars\maven-resolver-spi-1.6.3.jar
2024-01-31 15:53:24,949 [Worker-2: Launching Executing install in C__Users_Tapaswini Ghadei_Downloads_emp_employee-management_employee-management] INFO  o.eclipse.m2e.core.internal.Bundles - 	Entry: C:\Users\Tapaswini Ghadei\.p2\pool\plugins\org.eclipse.m2e.maven.runtime_3.8.604.20221130-2149\jars\maven-resolver-transport-wagon-1.6.3.jar
2024-01-31 15:53:24,949 [Worker-2: Launching Executing install in C__Users_Tapaswini Ghadei_Downloads_emp_employee-management_employee-management] INFO  o.eclipse.m2e.core.internal.Bundles - 	Entry: C:\Users\Tapaswini Ghadei\.p2\pool\plugins\org.eclipse.m2e.maven.runtime_3.8.604.20221130-2149\jars\maven-resolver-util-1.6.3.jar
2024-01-31 15:53:24,949 [Worker-2: Launching Executing install in C__Users_Tapaswini Ghadei_Downloads_emp_employee-management_employee-management] INFO  o.eclipse.m2e.core.internal.Bundles - 	Entry: C:\Users\Tapaswini Ghadei\.p2\pool\plugins\org.eclipse.m2e.maven.runtime_3.8.604.20221130-2149\jars\maven-settings-3.8.6.jar
2024-01-31 15:53:24,949 [Worker-2: Launching Executing install in C__Users_Tapaswini Ghadei_Downloads_emp_employee-management_employee-management] INFO  o.eclipse.m2e.core.internal.Bundles - 	Entry: C:\Users\Tapaswini Ghadei\.p2\pool\plugins\org.eclipse.m2e.maven.runtime_3.8.604.20221130-2149\jars\maven-settings-builder-3.8.6.jar
2024-01-31 15:53:24,949 [Worker-2: Launching Executing install in C__Users_Tapaswini Ghadei_Downloads_emp_employee-management_employee-management] INFO  o.eclipse.m2e.core.internal.Bundles - 	Entry: C:\Users\Tapaswini Ghadei\.p2\pool\plugins\org.eclipse.m2e.maven.runtime_3.8.604.20221130-2149\jars\maven-shared-utils-3.3.4.jar
2024-01-31 15:53:24,949 [Worker-2: Launching Executing install in C__Users_Tapaswini Ghadei_Downloads_emp_employee-management_employee-management] INFO  o.eclipse.m2e.core.internal.Bundles - 	Entry: C:\Users\Tapaswini Ghadei\.p2\pool\plugins\org.eclipse.m2e.maven.runtime_3.8.604.20221130-2149\jars\okhttp-3.14.1.jar
2024-01-31 15:53:24,949 [Worker-2: Launching Executing install in C__Users_Tapaswini Ghadei_Downloads_emp_employee-management_employee-management] INFO  o.eclipse.m2e.core.internal.Bundles - 	Entry: C:\Users\Tapaswini Ghadei\.p2\pool\plugins\org.eclipse.m2e.maven.runtime_3.8.604.20221130-2149\jars\okio-1.17.3.jar
2024-01-31 15:53:24,949 [Worker-2: Launching Executing install in C__Users_Tapaswini Ghadei_Downloads_emp_employee-management_employee-management] INFO  o.eclipse.m2e.core.internal.Bundles - 	Entry: C:\Users\Tapaswini Ghadei\.p2\pool\plugins\org.eclipse.m2e.maven.runtime_3.8.604.20221130-2149\jars\org.eclipse.sisu.inject-0.3.5.jar
2024-01-31 15:53:24,950 [Worker-2: Launching Executing install in C__Users_Tapaswini Ghadei_Downloads_emp_employee-management_employee-management] INFO  o.eclipse.m2e.core.internal.Bundles - 	Entry: C:\Users\Tapaswini Ghadei\.p2\pool\plugins\org.eclipse.m2e.maven.runtime_3.8.604.20221130-2149\jars\org.eclipse.sisu.plexus-0.3.5.jar
2024-01-31 15:53:24,950 [Worker-2: Launching Executing install in C__Users_Tapaswini Ghadei_Downloads_emp_employee-management_employee-management] INFO  o.eclipse.m2e.core.internal.Bundles - 	Entry: C:\Users\Tapaswini Ghadei\.p2\pool\plugins\org.eclipse.m2e.maven.runtime_3.8.604.20221130-2149\jars\plexus-build-api-0.0.7.jar
2024-01-31 15:53:24,950 [Worker-2: Launching Executing install in C__Users_Tapaswini Ghadei_Downloads_emp_employee-management_employee-management] INFO  o.eclipse.m2e.core.internal.Bundles - 	Entry: C:\Users\Tapaswini Ghadei\.p2\pool\plugins\org.eclipse.m2e.maven.runtime_3.8.604.20221130-2149\jars\plexus-cipher-2.0.jar
2024-01-31 15:53:24,950 [Worker-2: Launching Executing install in C__Users_Tapaswini Ghadei_Downloads_emp_employee-management_employee-management] INFO  o.eclipse.m2e.core.internal.Bundles - 	Entry: C:\Users\Tapaswini Ghadei\.p2\pool\plugins\org.eclipse.m2e.maven.runtime_3.8.604.20221130-2149\jars\plexus-classworlds-2.6.0.jar
2024-01-31 15:53:24,950 [Worker-2: Launching Executing install in C__Users_Tapaswini Ghadei_Downloads_emp_employee-management_employee-management] INFO  o.eclipse.m2e.core.internal.Bundles - 	Entry: C:\Users\Tapaswini Ghadei\.p2\pool\plugins\org.eclipse.m2e.maven.runtime_3.8.604.20221130-2149\jars\plexus-component-annotations-2.1.0.jar
2024-01-31 15:53:24,950 [Worker-2: Launching Executing install in C__Users_Tapaswini Ghadei_Downloads_emp_employee-management_employee-management] INFO  o.eclipse.m2e.core.internal.Bundles - 	Entry: C:\Users\Tapaswini Ghadei\.p2\pool\plugins\org.eclipse.m2e.maven.runtime_3.8.604.20221130-2149\jars\plexus-interpolation-1.26.jar
2024-01-31 15:53:24,950 [Worker-2: Launching Executing install in C__Users_Tapaswini Ghadei_Downloads_emp_employee-management_employee-management] INFO  o.eclipse.m2e.core.internal.Bundles - 	Entry: C:\Users\Tapaswini Ghadei\.p2\pool\plugins\org.eclipse.m2e.maven.runtime_3.8.604.20221130-2149\jars\plexus-sec-dispatcher-2.0.jar
2024-01-31 15:53:24,950 [Worker-2: Launching Executing install in C__Users_Tapaswini Ghadei_Downloads_emp_employee-management_employee-management] INFO  o.eclipse.m2e.core.internal.Bundles - 	Entry: C:\Users\Tapaswini Ghadei\.p2\pool\plugins\org.eclipse.m2e.maven.runtime_3.8.604.20221130-2149\jars\plexus-utils-3.3.1.jar
2024-01-31 15:53:24,950 [Worker-2: Launching Executing install in C__Users_Tapaswini Ghadei_Downloads_emp_employee-management_employee-management] INFO  o.eclipse.m2e.core.internal.Bundles - 	Entry: C:\Users\Tapaswini Ghadei\.p2\pool\plugins\org.eclipse.m2e.maven.runtime_3.8.604.20221130-2149\jars\wagon-file-3.5.1.jar
2024-01-31 15:53:24,950 [Worker-2: Launching Executing install in C__Users_Tapaswini Ghadei_Downloads_emp_employee-management_employee-management] INFO  o.eclipse.m2e.core.internal.Bundles - 	Entry: C:\Users\Tapaswini Ghadei\.p2\pool\plugins\org.eclipse.m2e.maven.runtime_3.8.604.20221130-2149\jars\wagon-provider-api-3.5.1.jar
2024-01-31 15:53:24,952 [Worker-2: Launching Executing install in C__Users_Tapaswini Ghadei_Downloads_emp_employee-management_employee-management] INFO  o.eclipse.m2e.core.internal.Bundles - getClasspathEntries(Bundle=com.google.guava_30.1.0.v20221112-0806 [10])
2024-01-31 15:53:24,954 [Worker-2: Launching Executing install in C__Users_Tapaswini Ghadei_Downloads_emp_employee-management_employee-management] INFO  o.eclipse.m2e.core.internal.Bundles - 	Entry: C:\Users\Tapaswini Ghadei\.p2\pool\plugins\com.google.guava_30.1.0.v20221112-0806.jar
2024-01-31 15:53:24,954 [Worker-2: Launching Executing install in C__Users_Tapaswini Ghadei_Downloads_emp_employee-management_employee-management] INFO  o.eclipse.m2e.core.internal.Bundles - getClasspathEntries(Bundle=slf4j.api_1.7.36 [915])
2024-01-31 15:53:24,955 [Worker-2: Launching Executing install in C__Users_Tapaswini Ghadei_Downloads_emp_employee-management_employee-management] INFO  o.eclipse.m2e.core.internal.Bundles - 	Entry: C:\Users\Tapaswini Ghadei\.p2\pool\plugins\slf4j.api_1.7.36.jar
2024-01-31 15:53:24,955 [Worker-2: Launching Executing install in C__Users_Tapaswini Ghadei_Downloads_emp_employee-management_employee-management] INFO  o.eclipse.m2e.core.internal.Bundles - getClasspathEntries(Bundle=javax.inject_1.0.0.v20220405-0441 [32])
2024-01-31 15:53:24,957 [Worker-2: Launching Executing install in C__Users_Tapaswini Ghadei_Downloads_emp_employee-management_employee-management] INFO  o.eclipse.m2e.core.internal.Bundles - 	Entry: C:\Users\Tapaswini Ghadei\.p2\pool\plugins\javax.inject_1.0.0.v20220405-0441.jar
2024-01-31 15:53:24,957 [Worker-2: Launching Executing install in C__Users_Tapaswini Ghadei_Downloads_emp_employee-management_employee-management] INFO  o.eclipse.m2e.core.internal.Bundles - getClasspathEntries(Bundle=javax.annotation_1.3.5.v20221112-0806 [30])
2024-01-31 15:53:24,958 [Worker-2: Launching Executing install in C__Users_Tapaswini Ghadei_Downloads_emp_employee-management_employee-management] INFO  o.eclipse.m2e.core.internal.Bundles - 	Entry: C:\Users\Tapaswini Ghadei\.p2\pool\plugins\javax.annotation_1.3.5.v20221112-0806.jar
2024-01-31 15:53:24,960 [Worker-2: Launching Executing install in C__Users_Tapaswini Ghadei_Downloads_emp_employee-management_employee-management] INFO  o.e.m.i.launch.MavenLaunchDelegate - Run build in "C:\Users\Tapaswini Ghadei\Downloads\emp\employee-management\employee-management":
2024-01-31 15:53:24,961 [Worker-2: Launching Executing install in C__Users_Tapaswini Ghadei_Downloads_emp_employee-management_employee-management] INFO  o.e.m.i.launch.MavenLaunchDelegate -  mvn  -B -Dstyle.color=always install
2024-01-31 16:08:02,200 [Worker-0: Building] ERROR o.e.m.c.i.p.r.ProjectRegistryManager - Could not read pom.xml
org.eclipse.core.runtime.CoreException: Could not read pom.xml
	at org.eclipse.m2e.core.internal.IMavenToolbox.readModel(IMavenToolbox.java:230)
	at org.eclipse.m2e.core.internal.project.registry.ProjectRegistryManager.refreshPhase2(ProjectRegistryManager.java:574)
	at org.eclipse.m2e.core.internal.project.registry.ProjectRegistryManager.refresh(ProjectRegistryManager.java:474)
	at org.eclipse.m2e.core.internal.project.registry.ProjectRegistryManager.refresh(ProjectRegistryManager.java:360)
	at org.eclipse.m2e.core.internal.project.registry.ProjectRegistryManager.refresh(ProjectRegistryManager.java:313)
	at org.eclipse.m2e.core.internal.builder.MavenBuilder$BuildMethod.getProjectFacade(MavenBuilder.java:149)
	at org.eclipse.m2e.core.internal.builder.MavenBuilder$BuildMethod.lambda$0(MavenBuilder.java:87)
	at org.eclipse.m2e.core.internal.embedder.MavenExecutionContext.executeBare(MavenExecutionContext.java:364)
	at org.eclipse.m2e.core.internal.embedder.MavenExecutionContext.execute(MavenExecutionContext.java:274)
	at org.eclipse.m2e.core.internal.embedder.MavenExecutionContext.execute(MavenExecutionContext.java:213)
	at org.eclipse.m2e.core.internal.builder.MavenBuilder$BuildMethod.execute(MavenBuilder.java:86)
	at org.eclipse.m2e.core.internal.builder.MavenBuilder.build(MavenBuilder.java:196)
	at org.eclipse.core.internal.events.BuildManager$2.run(BuildManager.java:1020)
	at org.eclipse.core.runtime.SafeRunner.run(SafeRunner.java:45)
	at org.eclipse.core.internal.events.BuildManager.basicBuild(BuildManager.java:247)
	at org.eclipse.core.internal.events.BuildManager.basicBuild(BuildManager.java:303)
	at org.eclipse.core.internal.events.BuildManager$1.run(BuildManager.java:392)
	at org.eclipse.core.runtime.SafeRunner.run(SafeRunner.java:45)
	at org.eclipse.core.internal.events.BuildManager.basicBuild(BuildManager.java:395)
	at org.eclipse.core.internal.events.BuildManager.basicBuildLoop(BuildManager.java:506)
	at org.eclipse.core.internal.events.BuildManager.basicBuildLoop(BuildManager.java:454)
	at org.eclipse.core.internal.events.BuildManager.build(BuildManager.java:536)
	at org.eclipse.core.internal.events.AutoBuildJob.doBuild(AutoBuildJob.java:161)
	at org.eclipse.core.internal.events.AutoBuildJob.run(AutoBuildJob.java:255)
	at org.eclipse.core.internal.jobs.Worker.run(Worker.java:63)
Caused by: org.apache.maven.model.io.ModelParseException: expected START_TAG or END_TAG not TEXT (position: TEXT seen ...</dependency>\n\t\t@NotBlank(message = "Last name is mandatory")\n\t</... @45:4) 
	at org.apache.maven.model.io.DefaultModelReader.read(DefaultModelReader.java:117)
	at org.apache.maven.model.io.DefaultModelReader.read(DefaultModelReader.java:85)
	at org.eclipse.m2e.core.internal.IMavenToolbox.readModel(IMavenToolbox.java:228)
	... 24 common frames omitted
Caused by: org.codehaus.plexus.util.xml.pull.XmlPullParserException: expected START_TAG or END_TAG not TEXT (position: TEXT seen ...</dependency>\n\t\t@NotBlank(message = "Last name is mandatory")\n\t</... @45:4) 
	at org.codehaus.plexus.util.xml.pull.MXParser.nextTag(MXParser.java:1309)
	at org.apache.maven.model.io.xpp3.MavenXpp3Reader.parseModel(MavenXpp3Reader.java:2235)
	at org.apache.maven.model.io.xpp3.MavenXpp3Reader.read(MavenXpp3Reader.java:3872)
	at org.apache.maven.model.io.xpp3.MavenXpp3Reader.read(MavenXpp3Reader.java:595)
	at org.apache.maven.model.io.DefaultModelReader.read(DefaultModelReader.java:112)
	... 26 common frames omitted
2024-01-31 16:08:03,432 [Worker-16: Building] ERROR o.e.m.c.i.p.r.ProjectRegistryManager - Could not read pom.xml
org.eclipse.core.runtime.CoreException: Could not read pom.xml
	at org.eclipse.m2e.core.internal.IMavenToolbox.readModel(IMavenToolbox.java:230)
	at org.eclipse.m2e.core.internal.project.registry.ProjectRegistryManager.refreshPhase2(ProjectRegistryManager.java:574)
	at org.eclipse.m2e.core.internal.project.registry.ProjectRegistryManager.refresh(ProjectRegistryManager.java:474)
	at org.eclipse.m2e.core.internal.project.registry.ProjectRegistryManager.refresh(ProjectRegistryManager.java:360)
	at org.eclipse.m2e.core.internal.project.registry.ProjectRegistryManager.refresh(ProjectRegistryManager.java:313)
	at org.eclipse.m2e.core.internal.builder.MavenBuilder$BuildMethod.getProjectFacade(MavenBuilder.java:149)
	at org.eclipse.m2e.core.internal.builder.MavenBuilder$BuildMethod.lambda$0(MavenBuilder.java:87)
	at org.eclipse.m2e.core.internal.embedder.MavenExecutionContext.executeBare(MavenExecutionContext.java:364)
	at org.eclipse.m2e.core.internal.embedder.MavenExecutionContext.execute(MavenExecutionContext.java:274)
	at org.eclipse.m2e.core.internal.embedder.MavenExecutionContext.execute(MavenExecutionContext.java:213)
	at org.eclipse.m2e.core.internal.builder.MavenBuilder$BuildMethod.execute(MavenBuilder.java:86)
	at org.eclipse.m2e.core.internal.builder.MavenBuilder.build(MavenBuilder.java:196)
	at org.eclipse.core.internal.events.BuildManager$2.run(BuildManager.java:1020)
	at org.eclipse.core.runtime.SafeRunner.run(SafeRunner.java:45)
	at org.eclipse.core.internal.events.BuildManager.basicBuild(BuildManager.java:247)
	at org.eclipse.core.internal.events.BuildManager.basicBuild(BuildManager.java:303)
	at org.eclipse.core.internal.events.BuildManager$1.run(BuildManager.java:392)
	at org.eclipse.core.runtime.SafeRunner.run(SafeRunner.java:45)
	at org.eclipse.core.internal.events.BuildManager.basicBuild(BuildManager.java:395)
	at org.eclipse.core.internal.events.BuildManager.basicBuildLoop(BuildManager.java:506)
	at org.eclipse.core.internal.events.BuildManager.basicBuildLoop(BuildManager.java:454)
	at org.eclipse.core.internal.events.BuildManager.build(BuildManager.java:536)
	at org.eclipse.core.internal.events.AutoBuildJob.doBuild(AutoBuildJob.java:161)
	at org.eclipse.core.internal.events.AutoBuildJob.run(AutoBuildJob.java:255)
	at org.eclipse.core.internal.jobs.Worker.run(Worker.java:63)
Caused by: org.apache.maven.model.io.ModelParseException: expected START_TAG or END_TAG not TEXT (position: TEXT seen ...</dependency>\n\t\t@NotBlank(message = "Last name is mandatory")\n\t</... @45:4) 
	at org.apache.maven.model.io.DefaultModelReader.read(DefaultModelReader.java:117)
	at org.apache.maven.model.io.DefaultModelReader.read(DefaultModelReader.java:85)
	at org.eclipse.m2e.core.internal.IMavenToolbox.readModel(IMavenToolbox.java:228)
	... 24 common frames omitted
Caused by: org.codehaus.plexus.util.xml.pull.XmlPullParserException: expected START_TAG or END_TAG not TEXT (position: TEXT seen ...</dependency>\n\t\t@NotBlank(message = "Last name is mandatory")\n\t</... @45:4) 
	at org.codehaus.plexus.util.xml.pull.MXParser.nextTag(MXParser.java:1309)
	at org.apache.maven.model.io.xpp3.MavenXpp3Reader.parseModel(MavenXpp3Reader.java:2235)
	at org.apache.maven.model.io.xpp3.MavenXpp3Reader.read(MavenXpp3Reader.java:3872)
	at org.apache.maven.model.io.xpp3.MavenXpp3Reader.read(MavenXpp3Reader.java:595)
	at org.apache.maven.model.io.DefaultModelReader.read(DefaultModelReader.java:112)
	... 26 common frames omitted
2024-01-31 16:08:39,940 [Worker-0: Building] INFO  o.e.m.c.i.l.LifecycleMappingFactory - Using org.eclipse.m2e.jdt.JarLifecycleMapping lifecycle mapping for MavenProject: com.example:employee-management:0.0.1-SNAPSHOT @ C:\Users\Tapaswini Ghadei\Downloads\emp\employee-management\employee-management\pom.xml.
2024-01-31 16:08:40,573 [Worker-0: Building] INFO  o.a.m.s.f.DefaultMavenResourcesFiltering - Copying 2 resources from src\main\resources to target\classes
2024-01-31 16:08:40,592 [Worker-0: Building] INFO  o.a.m.s.f.DefaultMavenResourcesFiltering - Copying 0 resource from src\main\resources to target\classes
2024-01-31 16:08:40,598 [Worker-0: Building] INFO  o.a.m.s.f.DefaultMavenResourcesFiltering - skip non existing resourceDirectory C:\Users\Tapaswini Ghadei\Downloads\emp\employee-management\employee-management\src\test\resources
2024-01-31 16:08:41,764 [Worker-22: Building] INFO  o.a.m.s.f.DefaultMavenResourcesFiltering - Copying 2 resources from src\main\resources to target\classes
2024-01-31 16:08:41,772 [Worker-22: Building] INFO  o.a.m.s.f.DefaultMavenResourcesFiltering - Copying 0 resource from src\main\resources to target\classes
2024-01-31 16:08:41,775 [Worker-22: Building] INFO  o.a.m.s.f.DefaultMavenResourcesFiltering - skip non existing resourceDirectory C:\Users\Tapaswini Ghadei\Downloads\emp\employee-management\employee-management\src\test\resources
2024-01-31 16:08:52,591 [Worker-23: Building] INFO  o.e.m.c.i.l.LifecycleMappingFactory - Using org.eclipse.m2e.jdt.JarLifecycleMapping lifecycle mapping for MavenProject: com.example:employee-management:0.0.1-SNAPSHOT @ C:\Users\Tapaswini Ghadei\Downloads\emp\employee-management\employee-management\pom.xml.
2024-01-31 16:08:53,011 [Worker-23: Building] INFO  o.a.m.s.f.DefaultMavenResourcesFiltering - Copying 0 resource from src\main\resources to target\classes
2024-01-31 16:08:53,011 [Worker-23: Building] INFO  o.a.m.s.f.DefaultMavenResourcesFiltering - Copying 0 resource from src\main\resources to target\classes
2024-01-31 16:08:53,014 [Worker-23: Building] INFO  o.a.m.s.f.DefaultMavenResourcesFiltering - skip non existing resourceDirectory C:\Users\Tapaswini Ghadei\Downloads\emp\employee-management\employee-management\src\test\resources
2024-01-31 16:08:54,381 [Worker-22: Building] INFO  o.a.m.s.f.DefaultMavenResourcesFiltering - Copying 2 resources from src\main\resources to target\classes
2024-01-31 16:08:54,397 [Worker-22: Building] INFO  o.a.m.s.f.DefaultMavenResourcesFiltering - Copying 0 resource from src\main\resources to target\classes
2024-01-31 16:08:54,400 [Worker-22: Building] INFO  o.a.m.s.f.DefaultMavenResourcesFiltering - skip non existing resourceDirectory C:\Users\Tapaswini Ghadei\Downloads\emp\employee-management\employee-management\src\test\resources
2024-01-31 16:08:54,672 [Worker-16: Download sources and javadoc] INFO  o.e.m.c.i.e.AbstractTransferListenerAdapter - Downloading https://repo.maven.apache.org/maven2/org/springframework/boot/spring-boot-starter-validation/3.2.2/spring-boot-starter-validation-3.2.2-sources.jar
2024-01-31 16:08:55,366 [Worker-16: Download sources and javadoc] INFO  o.e.m.c.i.e.AbstractTransferListenerAdapter - Downloaded https://repo.maven.apache.org/maven2/org/springframework/boot/spring-boot-starter-validation/3.2.2/spring-boot-starter-validation-3.2.2-sources.jar
2024-01-31 16:08:55,369 [Worker-16: Download sources and javadoc] INFO  o.e.m.j.internal.DownloadSourcesJob - Downloaded sources for org.springframework.boot:spring-boot-starter-validation:3.2.2
2024-01-31 16:08:55,639 [Worker-23: Building] INFO  o.a.m.s.f.DefaultMavenResourcesFiltering - Copying 0 resource from src\main\resources to target\classes
2024-01-31 16:08:55,640 [Worker-23: Building] INFO  o.a.m.s.f.DefaultMavenResourcesFiltering - Copying 0 resource from src\main\resources to target\classes
2024-01-31 16:08:55,641 [Worker-23: Building] INFO  o.a.m.s.f.DefaultMavenResourcesFiltering - skip non existing resourceDirectory C:\Users\Tapaswini Ghadei\Downloads\emp\employee-management\employee-management\src\test\resources
2024-01-31 16:09:53,424 [Worker-23: Building] INFO  o.a.m.s.f.DefaultMavenResourcesFiltering - Copying 2 resources from src\main\resources to target\classes
2024-01-31 16:09:53,441 [Worker-23: Building] INFO  o.a.m.s.f.DefaultMavenResourcesFiltering - Copying 0 resource from src\main\resources to target\classes
2024-01-31 16:09:53,445 [Worker-23: Building] INFO  o.a.m.s.f.DefaultMavenResourcesFiltering - skip non existing resourceDirectory C:\Users\Tapaswini Ghadei\Downloads\emp\employee-management\employee-management\src\test\resources
2024-01-31 16:12:02,513 [Worker-0: Building] INFO  o.a.m.s.f.DefaultMavenResourcesFiltering - Copying 2 resources from src\main\resources to target\classes
2024-01-31 16:12:02,527 [Worker-0: Building] INFO  o.a.m.s.f.DefaultMavenResourcesFiltering - Copying 0 resource from src\main\resources to target\classes
2024-01-31 16:12:02,534 [Worker-0: Building] INFO  o.a.m.s.f.DefaultMavenResourcesFiltering - skip non existing resourceDirectory C:\Users\Tapaswini Ghadei\Downloads\emp\employee-management\employee-management\src\test\resources
2024-01-31 16:12:08,862 [Worker-16: Building] INFO  o.a.m.s.f.DefaultMavenResourcesFiltering - Copying 2 resources from src\main\resources to target\classes
2024-01-31 16:12:08,871 [Worker-16: Building] INFO  o.a.m.s.f.DefaultMavenResourcesFiltering - Copying 0 resource from src\main\resources to target\classes
2024-01-31 16:12:08,873 [Worker-16: Building] INFO  o.a.m.s.f.DefaultMavenResourcesFiltering - skip non existing resourceDirectory C:\Users\Tapaswini Ghadei\Downloads\emp\employee-management\employee-management\src\test\resources
2024-01-31 16:27:28,081 [Worker-28: Building] INFO  o.a.m.s.f.DefaultMavenResourcesFiltering - Copying 2 resources from src\main\resources to target\classes
2024-01-31 16:27:28,090 [Worker-28: Building] INFO  o.a.m.s.f.DefaultMavenResourcesFiltering - Copying 0 resource from src\main\resources to target\classes
2024-01-31 16:27:28,092 [Worker-28: Building] INFO  o.a.m.s.f.DefaultMavenResourcesFiltering - skip non existing resourceDirectory C:\Users\Tapaswini Ghadei\Downloads\emp\employee-management\employee-management\src\test\resources
2024-01-31 16:27:31,318 [Worker-28: Building] INFO  o.a.m.s.f.DefaultMavenResourcesFiltering - Copying 2 resources from src\main\resources to target\classes
2024-01-31 16:27:31,331 [Worker-28: Building] INFO  o.a.m.s.f.DefaultMavenResourcesFiltering - Copying 0 resource from src\main\resources to target\classes
2024-01-31 16:27:31,333 [Worker-28: Building] INFO  o.a.m.s.f.DefaultMavenResourcesFiltering - skip non existing resourceDirectory C:\Users\Tapaswini Ghadei\Downloads\emp\employee-management\employee-management\src\test\resources
2024-01-31 16:29:16,676 [Worker-21: Building] INFO  o.a.m.s.f.DefaultMavenResourcesFiltering - Copying 2 resources from src\main\resources to target\classes
2024-01-31 16:29:16,686 [Worker-21: Building] INFO  o.a.m.s.f.DefaultMavenResourcesFiltering - Copying 0 resource from src\main\resources to target\classes
2024-01-31 16:29:16,689 [Worker-21: Building] INFO  o.a.m.s.f.DefaultMavenResourcesFiltering - skip non existing resourceDirectory C:\Users\Tapaswini Ghadei\Downloads\emp\employee-management\employee-management\src\test\resources
2024-01-31 16:30:09,064 [Worker-21: Building] INFO  o.a.m.s.f.DefaultMavenResourcesFiltering - Copying 2 resources from src\main\resources to target\classes
2024-01-31 16:30:09,075 [Worker-21: Building] INFO  o.a.m.s.f.DefaultMavenResourcesFiltering - Copying 0 resource from src\main\resources to target\classes
2024-01-31 16:30:09,077 [Worker-21: Building] INFO  o.a.m.s.f.DefaultMavenResourcesFiltering - skip non existing resourceDirectory C:\Users\Tapaswini Ghadei\Downloads\emp\employee-management\employee-management\src\test\resources
2024-01-31 16:34:02,010 [Worker-31: Building] INFO  o.a.m.s.f.DefaultMavenResourcesFiltering - Copying 2 resources from src\main\resources to target\classes
2024-01-31 16:34:02,048 [Worker-31: Building] INFO  o.a.m.s.f.DefaultMavenResourcesFiltering - Copying 0 resource from src\main\resources to target\classes
2024-01-31 16:34:02,061 [Worker-31: Building] INFO  o.a.m.s.f.DefaultMavenResourcesFiltering - skip non existing resourceDirectory C:\Users\Tapaswini Ghadei\Downloads\emp\employee-management\employee-management\src\test\resources
2024-01-31 16:34:06,466 [Worker-26: Building] INFO  o.a.m.s.f.DefaultMavenResourcesFiltering - Copying 2 resources from src\main\resources to target\classes
2024-01-31 16:34:06,476 [Worker-26: Building] INFO  o.a.m.s.f.DefaultMavenResourcesFiltering - Copying 0 resource from src\main\resources to target\classes
2024-01-31 16:34:06,479 [Worker-26: Building] INFO  o.a.m.s.f.DefaultMavenResourcesFiltering - skip non existing resourceDirectory C:\Users\Tapaswini Ghadei\Downloads\emp\employee-management\employee-management\src\test\resources
2024-01-31 16:34:13,348 [Worker-32: Building] INFO  o.a.m.s.f.DefaultMavenResourcesFiltering - Copying 2 resources from src\main\resources to target\classes
2024-01-31 16:34:13,356 [Worker-32: Building] INFO  o.a.m.s.f.DefaultMavenResourcesFiltering - Copying 0 resource from src\main\resources to target\classes
2024-01-31 16:34:13,357 [Worker-32: Building] INFO  o.a.m.s.f.DefaultMavenResourcesFiltering - skip non existing resourceDirectory C:\Users\Tapaswini Ghadei\Downloads\emp\employee-management\employee-management\src\test\resources
2024-01-31 16:34:19,638 [Worker-30: Building] INFO  o.a.m.s.f.DefaultMavenResourcesFiltering - Copying 2 resources from src\main\resources to target\classes
2024-01-31 16:34:19,649 [Worker-30: Building] INFO  o.a.m.s.f.DefaultMavenResourcesFiltering - Copying 0 resource from src\main\resources to target\classes
2024-01-31 16:34:19,651 [Worker-30: Building] INFO  o.a.m.s.f.DefaultMavenResourcesFiltering - skip non existing resourceDirectory C:\Users\Tapaswini Ghadei\Downloads\emp\employee-management\employee-management\src\test\resources
2024-01-31 16:34:52,495 [Worker-26: Building] INFO  o.a.m.s.f.DefaultMavenResourcesFiltering - Copying 2 resources from src\main\resources to target\classes
2024-01-31 16:34:52,504 [Worker-26: Building] INFO  o.a.m.s.f.DefaultMavenResourcesFiltering - Copying 0 resource from src\main\resources to target\classes
2024-01-31 16:34:52,506 [Worker-26: Building] INFO  o.a.m.s.f.DefaultMavenResourcesFiltering - skip non existing resourceDirectory C:\Users\Tapaswini Ghadei\Downloads\emp\employee-management\employee-management\src\test\resources
2024-01-31 16:37:40,749 [Worker-30: Building] INFO  o.a.m.s.f.DefaultMavenResourcesFiltering - Copying 2 resources from src\main\resources to target\classes
2024-01-31 16:37:40,758 [Worker-30: Building] INFO  o.a.m.s.f.DefaultMavenResourcesFiltering - Copying 0 resource from src\main\resources to target\classes
2024-01-31 16:37:40,760 [Worker-30: Building] INFO  o.a.m.s.f.DefaultMavenResourcesFiltering - skip non existing resourceDirectory C:\Users\Tapaswini Ghadei\Downloads\emp\employee-management\employee-management\src\test\resources
2024-01-31 16:39:59,915 [Worker-25: Building] INFO  o.a.m.s.f.DefaultMavenResourcesFiltering - Copying 2 resources from src\main\resources to target\classes
2024-01-31 16:39:59,926 [Worker-25: Building] INFO  o.a.m.s.f.DefaultMavenResourcesFiltering - Copying 0 resource from src\main\resources to target\classes
2024-01-31 16:39:59,928 [Worker-25: Building] INFO  o.a.m.s.f.DefaultMavenResourcesFiltering - skip non existing resourceDirectory C:\Users\Tapaswini Ghadei\Downloads\emp\employee-management\employee-management\src\test\resources
2024-01-31 16:40:12,740 [Worker-25: Building] INFO  o.a.m.s.f.DefaultMavenResourcesFiltering - Copying 2 resources from src\main\resources to target\classes
2024-01-31 16:40:12,750 [Worker-25: Building] INFO  o.a.m.s.f.DefaultMavenResourcesFiltering - Copying 0 resource from src\main\resources to target\classes
2024-01-31 16:40:12,752 [Worker-25: Building] INFO  o.a.m.s.f.DefaultMavenResourcesFiltering - skip non existing resourceDirectory C:\Users\Tapaswini Ghadei\Downloads\emp\employee-management\employee-management\src\test\resources
2024-01-31 16:42:04,004 [Worker-25: Building] INFO  o.a.m.s.f.DefaultMavenResourcesFiltering - Copying 2 resources from src\main\resources to target\classes
2024-01-31 16:42:04,013 [Worker-25: Building] INFO  o.a.m.s.f.DefaultMavenResourcesFiltering - Copying 0 resource from src\main\resources to target\classes
2024-01-31 16:42:04,015 [Worker-25: Building] INFO  o.a.m.s.f.DefaultMavenResourcesFiltering - skip non existing resourceDirectory C:\Users\Tapaswini Ghadei\Downloads\emp\employee-management\employee-management\src\test\resources
2024-01-31 16:43:06,687 [Worker-30: Building] INFO  o.a.m.s.f.DefaultMavenResourcesFiltering - Copying 2 resources from src\main\resources to target\classes
2024-01-31 16:43:06,698 [Worker-30: Building] INFO  o.a.m.s.f.DefaultMavenResourcesFiltering - Copying 0 resource from src\main\resources to target\classes
2024-01-31 16:43:06,702 [Worker-30: Building] INFO  o.a.m.s.f.DefaultMavenResourcesFiltering - skip non existing resourceDirectory C:\Users\Tapaswini Ghadei\Downloads\emp\employee-management\employee-management\src\test\resources
2024-01-31 16:43:41,776 [Worker-31: Building] INFO  o.a.m.s.f.DefaultMavenResourcesFiltering - Copying 2 resources from src\main\resources to target\classes
2024-01-31 16:43:41,784 [Worker-31: Building] INFO  o.a.m.s.f.DefaultMavenResourcesFiltering - Copying 0 resource from src\main\resources to target\classes
2024-01-31 16:43:41,786 [Worker-31: Building] INFO  o.a.m.s.f.DefaultMavenResourcesFiltering - skip non existing resourceDirectory C:\Users\Tapaswini Ghadei\Downloads\emp\employee-management\employee-management\src\test\resources
2024-01-31 16:43:50,931 [Worker-30: Building] INFO  o.a.m.s.f.DefaultMavenResourcesFiltering - Copying 2 resources from src\main\resources to target\classes
2024-01-31 16:43:50,942 [Worker-30: Building] INFO  o.a.m.s.f.DefaultMavenResourcesFiltering - Copying 0 resource from src\main\resources to target\classes
2024-01-31 16:43:50,945 [Worker-30: Building] INFO  o.a.m.s.f.DefaultMavenResourcesFiltering - skip non existing resourceDirectory C:\Users\Tapaswini Ghadei\Downloads\emp\employee-management\employee-management\src\test\resources
2024-01-31 16:44:38,365 [Worker-31: Building] INFO  o.a.m.s.f.DefaultMavenResourcesFiltering - Copying 2 resources from src\main\resources to target\classes
2024-01-31 16:44:38,374 [Worker-31: Building] INFO  o.a.m.s.f.DefaultMavenResourcesFiltering - Copying 0 resource from src\main\resources to target\classes
2024-01-31 16:44:38,376 [Worker-31: Building] INFO  o.a.m.s.f.DefaultMavenResourcesFiltering - skip non existing resourceDirectory C:\Users\Tapaswini Ghadei\Downloads\emp\employee-management\employee-management\src\test\resources
2024-01-31 16:45:40,568 [Worker-26: Building] INFO  o.a.m.s.f.DefaultMavenResourcesFiltering - Copying 2 resources from src\main\resources to target\classes
2024-01-31 16:45:40,577 [Worker-26: Building] INFO  o.a.m.s.f.DefaultMavenResourcesFiltering - Copying 0 resource from src\main\resources to target\classes
2024-01-31 16:45:40,580 [Worker-26: Building] INFO  o.a.m.s.f.DefaultMavenResourcesFiltering - skip non existing resourceDirectory C:\Users\Tapaswini Ghadei\Downloads\emp\employee-management\employee-management\src\test\resources
2024-01-31 16:45:51,325 [Worker-25: Building] INFO  o.a.m.s.f.DefaultMavenResourcesFiltering - Copying 2 resources from src\main\resources to target\classes
2024-01-31 16:45:51,334 [Worker-25: Building] INFO  o.a.m.s.f.DefaultMavenResourcesFiltering - Copying 0 resource from src\main\resources to target\classes
2024-01-31 16:45:51,336 [Worker-25: Building] INFO  o.a.m.s.f.DefaultMavenResourcesFiltering - skip non existing resourceDirectory C:\Users\Tapaswini Ghadei\Downloads\emp\employee-management\employee-management\src\test\resources
2024-01-31 16:46:59,714 [Worker-29: Building] INFO  o.a.m.s.f.DefaultMavenResourcesFiltering - Copying 2 resources from src\main\resources to target\classes
2024-01-31 16:46:59,722 [Worker-29: Building] INFO  o.a.m.s.f.DefaultMavenResourcesFiltering - Copying 0 resource from src\main\resources to target\classes
2024-01-31 16:46:59,724 [Worker-29: Building] INFO  o.a.m.s.f.DefaultMavenResourcesFiltering - skip non existing resourceDirectory C:\Users\Tapaswini Ghadei\Downloads\emp\employee-management\employee-management\src\test\resources
2024-01-31 16:47:57,788 [Worker-32: Building] INFO  o.a.m.s.f.DefaultMavenResourcesFiltering - Copying 2 resources from src\main\resources to target\classes
2024-01-31 16:47:57,801 [Worker-32: Building] INFO  o.a.m.s.f.DefaultMavenResourcesFiltering - Copying 0 resource from src\main\resources to target\classes
2024-01-31 16:47:57,804 [Worker-32: Building] INFO  o.a.m.s.f.DefaultMavenResourcesFiltering - skip non existing resourceDirectory C:\Users\Tapaswini Ghadei\Downloads\emp\employee-management\employee-management\src\test\resources
2024-01-31 16:52:00,408 [Worker-35: Building] INFO  o.a.m.s.f.DefaultMavenResourcesFiltering - Copying 2 resources from src\main\resources to target\classes
2024-01-31 16:52:00,418 [Worker-35: Building] INFO  o.a.m.s.f.DefaultMavenResourcesFiltering - Copying 0 resource from src\main\resources to target\classes
2024-01-31 16:52:00,420 [Worker-35: Building] INFO  o.a.m.s.f.DefaultMavenResourcesFiltering - skip non existing resourceDirectory C:\Users\Tapaswini Ghadei\Downloads\emp\employee-management\employee-management\src\test\resources
2024-01-31 16:52:12,749 [Worker-35: Building] INFO  o.a.m.s.f.DefaultMavenResourcesFiltering - Copying 2 resources from src\main\resources to target\classes
2024-01-31 16:52:12,757 [Worker-35: Building] INFO  o.a.m.s.f.DefaultMavenResourcesFiltering - Copying 0 resource from src\main\resources to target\classes
2024-01-31 16:52:12,759 [Worker-35: Building] INFO  o.a.m.s.f.DefaultMavenResourcesFiltering - skip non existing resourceDirectory C:\Users\Tapaswini Ghadei\Downloads\emp\employee-management\employee-management\src\test\resources
2024-01-31 16:52:41,879 [Worker-25: Building] INFO  o.a.m.s.f.DefaultMavenResourcesFiltering - Copying 2 resources from src\main\resources to target\classes
2024-01-31 16:52:41,892 [Worker-25: Building] INFO  o.a.m.s.f.DefaultMavenResourcesFiltering - Copying 0 resource from src\main\resources to target\classes
2024-01-31 16:52:41,895 [Worker-25: Building] INFO  o.a.m.s.f.DefaultMavenResourcesFiltering - skip non existing resourceDirectory C:\Users\Tapaswini Ghadei\Downloads\emp\employee-management\employee-management\src\test\resources
2024-01-31 16:55:04,502 [Worker-29: Building] INFO  o.a.m.s.f.DefaultMavenResourcesFiltering - Copying 2 resources from src\main\resources to target\classes
2024-01-31 16:55:04,513 [Worker-29: Building] INFO  o.a.m.s.f.DefaultMavenResourcesFiltering - Copying 0 resource from src\main\resources to target\classes
2024-01-31 16:55:04,516 [Worker-29: Building] INFO  o.a.m.s.f.DefaultMavenResourcesFiltering - skip non existing resourceDirectory C:\Users\Tapaswini Ghadei\Downloads\emp\employee-management\employee-management\src\test\resources
2024-01-31 16:57:28,437 [Worker-35: Building] INFO  o.a.m.s.f.DefaultMavenResourcesFiltering - Copying 2 resources from src\main\resources to target\classes
2024-01-31 16:57:28,443 [Worker-35: Building] INFO  o.a.m.s.f.DefaultMavenResourcesFiltering - Copying 0 resource from src\main\resources to target\classes
2024-01-31 16:57:28,445 [Worker-35: Building] INFO  o.a.m.s.f.DefaultMavenResourcesFiltering - skip non existing resourceDirectory C:\Users\Tapaswini Ghadei\Downloads\emp\employee-management\employee-management\src\test\resources
2024-01-31 16:57:39,791 [Worker-37: Building] INFO  o.a.m.s.f.DefaultMavenResourcesFiltering - Copying 2 resources from src\main\resources to target\classes
2024-01-31 16:57:39,800 [Worker-37: Building] INFO  o.a.m.s.f.DefaultMavenResourcesFiltering - Copying 0 resource from src\main\resources to target\classes
2024-01-31 16:57:39,802 [Worker-37: Building] INFO  o.a.m.s.f.DefaultMavenResourcesFiltering - skip non existing resourceDirectory C:\Users\Tapaswini Ghadei\Downloads\emp\employee-management\employee-management\src\test\resources
2024-01-31 17:00:20,212 [Worker-35: Building] INFO  o.a.m.s.f.DefaultMavenResourcesFiltering - Copying 2 resources from src\main\resources to target\classes
2024-01-31 17:00:20,220 [Worker-35: Building] INFO  o.a.m.s.f.DefaultMavenResourcesFiltering - Copying 0 resource from src\main\resources to target\classes
2024-01-31 17:00:20,222 [Worker-35: Building] INFO  o.a.m.s.f.DefaultMavenResourcesFiltering - skip non existing resourceDirectory C:\Users\Tapaswini Ghadei\Downloads\emp\employee-management\employee-management\src\test\resources
2024-01-31 17:00:24,569 [Worker-38: Building] INFO  o.a.m.s.f.DefaultMavenResourcesFiltering - Copying 2 resources from src\main\resources to target\classes
2024-01-31 17:00:24,580 [Worker-38: Building] INFO  o.a.m.s.f.DefaultMavenResourcesFiltering - Copying 0 resource from src\main\resources to target\classes
2024-01-31 17:00:24,583 [Worker-38: Building] INFO  o.a.m.s.f.DefaultMavenResourcesFiltering - skip non existing resourceDirectory C:\Users\Tapaswini Ghadei\Downloads\emp\employee-management\employee-management\src\test\resources
2024-01-31 17:04:15,175 [Worker-29: Building] INFO  o.a.m.s.f.DefaultMavenResourcesFiltering - Copying 2 resources from src\main\resources to target\classes
2024-01-31 17:04:15,187 [Worker-29: Building] INFO  o.a.m.s.f.DefaultMavenResourcesFiltering - Copying 0 resource from src\main\resources to target\classes
2024-01-31 17:04:15,190 [Worker-29: Building] INFO  o.a.m.s.f.DefaultMavenResourcesFiltering - skip non existing resourceDirectory C:\Users\Tapaswini Ghadei\Downloads\emp\employee-management\employee-management\src\test\resources
2024-01-31 17:06:30,804 [Worker-38: Building] INFO  o.a.m.s.f.DefaultMavenResourcesFiltering - Copying 2 resources from src\main\resources to target\classes
2024-01-31 17:06:30,812 [Worker-38: Building] INFO  o.a.m.s.f.DefaultMavenResourcesFiltering - Copying 0 resource from src\main\resources to target\classes
2024-01-31 17:06:30,814 [Worker-38: Building] INFO  o.a.m.s.f.DefaultMavenResourcesFiltering - skip non existing resourceDirectory C:\Users\Tapaswini Ghadei\Downloads\emp\employee-management\employee-management\src\test\resources
2024-01-31 17:06:46,039 [Worker-42: Building] INFO  o.a.m.s.f.DefaultMavenResourcesFiltering - Copying 2 resources from src\main\resources to target\classes
2024-01-31 17:06:46,047 [Worker-42: Building] INFO  o.a.m.s.f.DefaultMavenResourcesFiltering - Copying 0 resource from src\main\resources to target\classes
2024-01-31 17:06:46,050 [Worker-42: Building] INFO  o.a.m.s.f.DefaultMavenResourcesFiltering - skip non existing resourceDirectory C:\Users\Tapaswini Ghadei\Downloads\emp\employee-management\employee-management\src\test\resources
2024-01-31 17:07:19,533 [Worker-42: Building] INFO  o.a.m.s.f.DefaultMavenResourcesFiltering - Copying 2 resources from src\main\resources to target\classes
2024-01-31 17:07:19,546 [Worker-42: Building] INFO  o.a.m.s.f.DefaultMavenResourcesFiltering - Copying 0 resource from src\main\resources to target\classes
2024-01-31 17:07:19,548 [Worker-42: Building] INFO  o.a.m.s.f.DefaultMavenResourcesFiltering - skip non existing resourceDirectory C:\Users\Tapaswini Ghadei\Downloads\emp\employee-management\employee-management\src\test\resources
2024-01-31 17:08:32,003 [Worker-42: Building] INFO  o.a.m.s.f.DefaultMavenResourcesFiltering - Copying 2 resources from src\main\resources to target\classes
2024-01-31 17:08:32,012 [Worker-42: Building] INFO  o.a.m.s.f.DefaultMavenResourcesFiltering - Copying 0 resource from src\main\resources to target\classes
2024-01-31 17:08:32,013 [Worker-42: Building] INFO  o.a.m.s.f.DefaultMavenResourcesFiltering - skip non existing resourceDirectory C:\Users\Tapaswini Ghadei\Downloads\emp\employee-management\employee-management\src\test\resources
2024-01-31 17:13:34,165 [Worker-41: Building] INFO  o.a.m.s.f.DefaultMavenResourcesFiltering - Copying 2 resources from src\main\resources to target\classes
2024-01-31 17:13:34,173 [Worker-41: Building] INFO  o.a.m.s.f.DefaultMavenResourcesFiltering - Copying 0 resource from src\main\resources to target\classes
2024-01-31 17:13:34,175 [Worker-41: Building] INFO  o.a.m.s.f.DefaultMavenResourcesFiltering - skip non existing resourceDirectory C:\Users\Tapaswini Ghadei\Downloads\emp\employee-management\employee-management\src\test\resources
2024-01-31 17:16:15,696 [Worker-41: Building] INFO  o.a.m.s.f.DefaultMavenResourcesFiltering - Copying 2 resources from src\main\resources to target\classes
2024-01-31 17:16:15,705 [Worker-41: Building] INFO  o.a.m.s.f.DefaultMavenResourcesFiltering - Copying 0 resource from src\main\resources to target\classes
2024-01-31 17:16:15,708 [Worker-41: Building] INFO  o.a.m.s.f.DefaultMavenResourcesFiltering - skip non existing resourceDirectory C:\Users\Tapaswini Ghadei\Downloads\emp\employee-management\employee-management\src\test\resources
2024-01-31 17:18:36,788 [Worker-48: Building] INFO  o.a.m.s.f.DefaultMavenResourcesFiltering - Copying 2 resources from src\main\resources to target\classes
2024-01-31 17:18:36,798 [Worker-48: Building] INFO  o.a.m.s.f.DefaultMavenResourcesFiltering - Copying 0 resource from src\main\resources to target\classes
2024-01-31 17:18:36,800 [Worker-48: Building] INFO  o.a.m.s.f.DefaultMavenResourcesFiltering - skip non existing resourceDirectory C:\Users\Tapaswini Ghadei\Downloads\emp\employee-management\employee-management\src\test\resources
2024-01-31 17:18:45,801 [Worker-46: Building] INFO  o.a.m.s.f.DefaultMavenResourcesFiltering - Copying 2 resources from src\main\resources to target\classes
2024-01-31 17:18:45,822 [Worker-46: Building] INFO  o.a.m.s.f.DefaultMavenResourcesFiltering - Copying 0 resource from src\main\resources to target\classes
2024-01-31 17:18:45,824 [Worker-46: Building] INFO  o.a.m.s.f.DefaultMavenResourcesFiltering - skip non existing resourceDirectory C:\Users\Tapaswini Ghadei\Downloads\emp\employee-management\employee-management\src\test\resources
2024-01-31 17:22:21,853 [Worker-48: Building] INFO  o.a.m.s.f.DefaultMavenResourcesFiltering - Copying 2 resources from src\main\resources to target\classes
2024-01-31 17:22:21,862 [Worker-48: Building] INFO  o.a.m.s.f.DefaultMavenResourcesFiltering - Copying 0 resource from src\main\resources to target\classes
2024-01-31 17:22:21,864 [Worker-48: Building] INFO  o.a.m.s.f.DefaultMavenResourcesFiltering - skip non existing resourceDirectory C:\Users\Tapaswini Ghadei\Downloads\emp\employee-management\employee-management\src\test\resources
